c:\users\deepwise\desktop\deantronics\threecoreline\code\aoi_stationk(v.new)\logrecorder\x64\release\logrecorder.pch
c:\users\deepwise\desktop\deantronics\threecoreline\code\aoi_stationk(v.new)\logrecorder\x64\release\vc142.pdb
c:\users\deepwise\desktop\deantronics\threecoreline\code\aoi_stationk(v.new)\logrecorder\x64\release\stdafx.obj
c:\users\deepwise\desktop\deantronics\threecoreline\code\aoi_stationk(v.new)\logrecorder\x64\release\logrecorder.obj
c:\users\deepwise\desktop\deantronics\threecoreline\code\aoi_stationk(v.new)\logrecorder\x64\release\infomanager.obj
c:\users\deepwise\desktop\deantronics\threecoreline\code\aoi_stationk(v.new)\logrecorder\x64\release\assemblyinfo.obj
c:\users\deepwise\desktop\deantronics\threecoreline\code\aoi_stationk(v.new)\logrecorder\x64\release\.netframework,version=v4.0.assemblyattributes.obj
c:\users\deepwise\desktop\deantronics\threecoreline\code\aoi_stationk(v.new)\x64\release\logrecorder.dll
c:\users\deepwise\desktop\deantronics\threecoreline\code\aoi_stationk(v.new)\x64\release\logrecorder.pdb
c:\users\deepwise\desktop\deantronics\threecoreline\code\aoi_stationk(v.new)\logrecorder\x64\release\app.res
c:\users\deepwise\desktop\deantronics\threecoreline\code\aoi_stationk(v.new)\logrecorder\x64\release\logrecorder.tlog\cl.command.1.tlog
c:\users\deepwise\desktop\deantronics\threecoreline\code\aoi_stationk(v.new)\logrecorder\x64\release\logrecorder.tlog\cl.read.1.tlog
c:\users\deepwise\desktop\deantronics\threecoreline\code\aoi_stationk(v.new)\logrecorder\x64\release\logrecorder.tlog\cl.write.1.tlog
c:\users\deepwise\desktop\deantronics\threecoreline\code\aoi_stationk(v.new)\logrecorder\x64\release\logrecorder.tlog\link.command.1.tlog
c:\users\deepwise\desktop\deantronics\threecoreline\code\aoi_stationk(v.new)\logrecorder\x64\release\logrecorder.tlog\link.read.1.tlog
c:\users\deepwise\desktop\deantronics\threecoreline\code\aoi_stationk(v.new)\logrecorder\x64\release\logrecorder.tlog\link.write.1.tlog
c:\users\deepwise\desktop\deantronics\threecoreline\code\aoi_stationk(v.new)\logrecorder\x64\release\logrecorder.tlog\metagen.read.1.tlog
c:\users\deepwise\desktop\deantronics\threecoreline\code\aoi_stationk(v.new)\logrecorder\x64\release\logrecorder.tlog\metagen.write.1.tlog
c:\users\deepwise\desktop\deantronics\threecoreline\code\aoi_stationk(v.new)\logrecorder\x64\release\logrecorder.tlog\rc.command.1.tlog
c:\users\deepwise\desktop\deantronics\threecoreline\code\aoi_stationk(v.new)\logrecorder\x64\release\logrecorder.tlog\rc.read.1.tlog
c:\users\deepwise\desktop\deantronics\threecoreline\code\aoi_stationk(v.new)\logrecorder\x64\release\logrecorder.tlog\rc.write.1.tlog
