c:\users\goodc\onedrive\desktop\git\digital_image_processing_and_analysis_tool\imageprocessing\x64\debug\vc142.pdb
c:\users\goodc\onedrive\desktop\git\digital_image_processing_and_analysis_tool\imageprocessing\x64\debug\.netframework,version=v4.6.1.assemblyattributes.obj
c:\users\goodc\onedrive\desktop\git\digital_image_processing_and_analysis_tool\imageprocessing\x64\debug\ui.obj
c:\users\goodc\onedrive\desktop\git\digital_image_processing_and_analysis_tool\imageprocessing\x64\debug\myform.obj
c:\users\goodc\onedrive\desktop\git\digital_image_processing_and_analysis_tool\imageprocessing\x64\debug\loginform.obj
c:\users\goodc\onedrive\desktop\git\digital_image_processing_and_analysis_tool\x64\debug\classlibrary1.dll
c:\users\goodc\onedrive\desktop\git\digital_image_processing_and_analysis_tool\x64\debug\classlibrary1.pdb
c:\users\goodc\onedrive\desktop\git\digital_image_processing_and_analysis_tool\imageprocessing\x64\debug\imageprocessing.loginform.resources
c:\users\goodc\onedrive\desktop\git\digital_image_processing_and_analysis_tool\imageprocessing\x64\debug\imageprocessing.myform.resources
c:\users\goodc\onedrive\desktop\git\digital_image_processing_and_analysis_tool\x64\debug\imageprocessing.exe
c:\users\goodc\onedrive\desktop\git\digital_image_processing_and_analysis_tool\x64\debug\imageprocessing.pdb
c:\users\goodc\onedrive\desktop\git\digital_image_processing_and_analysis_tool\imageprocessing\x64\debug\imageprocessing.tlog\metagen.write.1.tlog
c:\users\goodc\onedrive\desktop\git\digital_image_processing_and_analysis_tool\imageprocessing\x64\debug\imageprocessing.vcxproj.assemblyreference.cache
c:\users\goodc\onedrive\desktop\git\digital_image_processing_and_analysis_tool\imageprocessing\x64\debug\imageprocessing.tlog\cl.command.1.tlog
c:\users\goodc\onedrive\desktop\git\digital_image_processing_and_analysis_tool\imageprocessing\x64\debug\imageprocessing.tlog\cl.read.1.tlog
c:\users\goodc\onedrive\desktop\git\digital_image_processing_and_analysis_tool\imageprocessing\x64\debug\imageprocessing.tlog\cl.write.1.tlog
c:\users\goodc\onedrive\desktop\git\digital_image_processing_and_analysis_tool\imageprocessing\x64\debug\imageprocessing.tlog\copylocal.read.1u.tlog
c:\users\goodc\onedrive\desktop\git\digital_image_processing_and_analysis_tool\imageprocessing\x64\debug\imageprocessing.tlog\copylocal.write.1u.tlog
c:\users\goodc\onedrive\desktop\git\digital_image_processing_and_analysis_tool\imageprocessing\x64\debug\imageprocessing.tlog\imageprocessing.write.1u.tlog
c:\users\goodc\onedrive\desktop\git\digital_image_processing_and_analysis_tool\imageprocessing\x64\debug\imageprocessing.tlog\link.command.1.tlog
c:\users\goodc\onedrive\desktop\git\digital_image_processing_and_analysis_tool\imageprocessing\x64\debug\imageprocessing.tlog\link.read.1.tlog
c:\users\goodc\onedrive\desktop\git\digital_image_processing_and_analysis_tool\imageprocessing\x64\debug\imageprocessing.tlog\link.write.1.tlog
c:\users\goodc\onedrive\desktop\git\digital_image_processing_and_analysis_tool\imageprocessing\x64\debug\imageprocessing.tlog\metagen.read.1.tlog
c:\users\goodc\onedrive\desktop\git\digital_image_processing_and_analysis_tool\imageprocessing\x64\debug\imageprocessing.tlog\classlibrary1.dll.metagen
