c:\users\goodc\onedrive\desktop\git\digital_image_processing_and_analysis_tool\csharp_wpf_application\logrecorder\x64\debug\logrecorder.pch
c:\users\goodc\onedrive\desktop\git\digital_image_processing_and_analysis_tool\csharp_wpf_application\logrecorder\x64\debug\vc142.pdb
c:\users\goodc\onedrive\desktop\git\digital_image_processing_and_analysis_tool\csharp_wpf_application\logrecorder\x64\debug\stdafx.obj
c:\users\goodc\onedrive\desktop\git\digital_image_processing_and_analysis_tool\csharp_wpf_application\logrecorder\x64\debug\logrecorder.obj
c:\users\goodc\onedrive\desktop\git\digital_image_processing_and_analysis_tool\csharp_wpf_application\logrecorder\x64\debug\infomanager.obj
c:\users\goodc\onedrive\desktop\git\digital_image_processing_and_analysis_tool\csharp_wpf_application\logrecorder\x64\debug\assemblyinfo.obj
c:\users\goodc\onedrive\desktop\git\digital_image_processing_and_analysis_tool\csharp_wpf_application\logrecorder\x64\debug\.netframework,version=v4.0.assemblyattributes.obj
c:\users\goodc\onedrive\desktop\git\digital_image_processing_and_analysis_tool\csharp_wpf_application\x64\debug\logrecorder.dll
c:\users\goodc\onedrive\desktop\git\digital_image_processing_and_analysis_tool\csharp_wpf_application\x64\debug\logrecorder.pdb
c:\users\goodc\onedrive\desktop\git\digital_image_processing_and_analysis_tool\csharp_wpf_application\logrecorder\x64\debug\app.res
c:\users\goodc\onedrive\desktop\git\digital_image_processing_and_analysis_tool\csharp_wpf_application\logrecorder\x64\debug\logrecorder.vcxproj.assemblyreference.cache
c:\users\goodc\onedrive\desktop\git\digital_image_processing_and_analysis_tool\csharp_wpf_application\logrecorder\x64\debug\logrecorder.tlog\cl.command.1.tlog
c:\users\goodc\onedrive\desktop\git\digital_image_processing_and_analysis_tool\csharp_wpf_application\logrecorder\x64\debug\logrecorder.tlog\cl.read.1.tlog
c:\users\goodc\onedrive\desktop\git\digital_image_processing_and_analysis_tool\csharp_wpf_application\logrecorder\x64\debug\logrecorder.tlog\cl.write.1.tlog
c:\users\goodc\onedrive\desktop\git\digital_image_processing_and_analysis_tool\csharp_wpf_application\logrecorder\x64\debug\logrecorder.tlog\link.command.1.tlog
c:\users\goodc\onedrive\desktop\git\digital_image_processing_and_analysis_tool\csharp_wpf_application\logrecorder\x64\debug\logrecorder.tlog\link.read.1.tlog
c:\users\goodc\onedrive\desktop\git\digital_image_processing_and_analysis_tool\csharp_wpf_application\logrecorder\x64\debug\logrecorder.tlog\link.write.1.tlog
c:\users\goodc\onedrive\desktop\git\digital_image_processing_and_analysis_tool\csharp_wpf_application\logrecorder\x64\debug\logrecorder.tlog\metagen.read.1.tlog
c:\users\goodc\onedrive\desktop\git\digital_image_processing_and_analysis_tool\csharp_wpf_application\logrecorder\x64\debug\logrecorder.tlog\metagen.write.1.tlog
c:\users\goodc\onedrive\desktop\git\digital_image_processing_and_analysis_tool\csharp_wpf_application\logrecorder\x64\debug\logrecorder.tlog\rc.command.1.tlog
c:\users\goodc\onedrive\desktop\git\digital_image_processing_and_analysis_tool\csharp_wpf_application\logrecorder\x64\debug\logrecorder.tlog\rc.read.1.tlog
c:\users\goodc\onedrive\desktop\git\digital_image_processing_and_analysis_tool\csharp_wpf_application\logrecorder\x64\debug\logrecorder.tlog\rc.write.1.tlog
