C:\Program Files (x86)\Microsoft Visual Studio\2019\Community\MSBuild\Current\Bin\Microsoft.Common.CurrentVersion.targets(2827,5): warning MSB3290: 無法建立類型程式庫 "{bee4bfec-6683-3e67-9167-3c0cbc68f40a}" 的包裝函式組件。已從 CLR 組件匯出類型程式庫 'System'，且不能再當做 CLR 組件匯入。
  Main.cpp
  UI.cpp
C:\Users\goodc\OneDrive\Desktop\Git\PyrOptik\AOI_2\AOI\UI.cpp(96,280): warning C4267: '引數': 將 'size_t' 轉換為 'int'，資料可能遺失
C:\Users\goodc\OneDrive\Desktop\Git\PyrOptik\AOI_2\AOI\UI.cpp(171,276): warning C4267: '引數': 將 'size_t' 轉換為 'int'，資料可能遺失
C:\Users\goodc\OneDrive\Desktop\Git\PyrOptik\AOI_2\AOI\UI.cpp(176,28): warning C4101: 'ee': 未參考的區域變數
C:\Users\goodc\OneDrive\Desktop\Git\PyrOptik\AOI_2\AOI\UI.cpp(193,281): warning C4267: '引數': 將 'size_t' 轉換為 'int'，資料可能遺失
C:\Users\goodc\OneDrive\Desktop\Git\PyrOptik\AOI_2\AOI\UI.cpp(201,30): warning C4101: 'ee': 未參考的區域變數
C:\Users\goodc\OneDrive\Desktop\Git\PyrOptik\AOI_2\AOI\UI.cpp(228,280): warning C4267: '引數': 將 'size_t' 轉換為 'int'，資料可能遺失
C:\Users\goodc\OneDrive\Desktop\Git\PyrOptik\AOI_2\AOI\UI.cpp(255,281): warning C4267: '引數': 將 'size_t' 轉換為 'int'，資料可能遺失
C:\Users\goodc\OneDrive\Desktop\Git\PyrOptik\AOI_2\AOI\UI.cpp(267,281): warning C4267: '引數': 將 'size_t' 轉換為 'int'，資料可能遺失
C:\Users\goodc\OneDrive\Desktop\Git\PyrOptik\AOI_2\AOI\UI.cpp(283,280): warning C4267: '引數': 將 'size_t' 轉換為 'int'，資料可能遺失
C:\Users\goodc\OneDrive\Desktop\Git\PyrOptik\AOI_2\AOI\UI.cpp(300,280): warning C4267: '引數': 將 'size_t' 轉換為 'int'，資料可能遺失
C:\Users\goodc\OneDrive\Desktop\Git\PyrOptik\AOI_2\AOI\UI.cpp(316,280): warning C4267: '引數': 將 'size_t' 轉換為 'int'，資料可能遺失
C:\Users\goodc\OneDrive\Desktop\Git\PyrOptik\AOI_2\AOI\UI.cpp(333,280): warning C4267: '引數': 將 'size_t' 轉換為 'int'，資料可能遺失
C:\Users\goodc\OneDrive\Desktop\Git\PyrOptik\AOI_2\AOI\UI.cpp(360,280): warning C4267: '引數': 將 'size_t' 轉換為 'int'，資料可能遺失
C:\Users\goodc\OneDrive\Desktop\Git\PyrOptik\AOI_2\AOI\UI.cpp(394,288): warning C4267: '引數': 將 'size_t' 轉換為 'int'，資料可能遺失
C:\Users\goodc\OneDrive\Desktop\Git\PyrOptik\AOI_2\AOI\UI.cpp(419,289): warning C4267: '引數': 將 'size_t' 轉換為 'int'，資料可能遺失
C:\Users\goodc\OneDrive\Desktop\Git\PyrOptik\AOI_2\AOI\UI.cpp(433,289): warning C4267: '引數': 將 'size_t' 轉換為 'int'，資料可能遺失
C:\Users\goodc\OneDrive\Desktop\Git\PyrOptik\AOI_2\AOI\UI.cpp(473,284): warning C4267: '引數': 將 'size_t' 轉換為 'int'，資料可能遺失
C:\Users\goodc\OneDrive\Desktop\Git\PyrOptik\AOI_2\AOI\UI.cpp(544,12): warning C4101: 'k': 未參考的區域變數
C:\Users\goodc\OneDrive\Desktop\Git\PyrOptik\AOI_2\AOI\UI.cpp(544,9): warning C4101: 'j': 未參考的區域變數
C:\Users\goodc\OneDrive\Desktop\Git\PyrOptik\AOI_2\AOI\UI.cpp(544,6): warning C4101: 'i': 未參考的區域變數
C:\Users\goodc\OneDrive\Desktop\Git\PyrOptik\AOI_2\AOI\UI.cpp(1196,89): warning C4244: '=': 將 'double' 轉換為 'float'，由於類型不同，可能導致資料遺失
C:\Users\goodc\OneDrive\Desktop\Git\PyrOptik\AOI_2\AOI\UI.cpp(1521,97): warning C4244: '=': 將 'double' 轉換為 'float'，由於類型不同，可能導致資料遺失
C:\Users\goodc\OneDrive\Desktop\Git\PyrOptik\AOI_2\AOI\UI.cpp(1749,132): warning C4244: '=': 將 'double' 轉換為 'float'，由於類型不同，可能導致資料遺失
C:\Users\goodc\OneDrive\Desktop\Git\PyrOptik\AOI_2\AOI\UI.cpp(967,13): warning C4101: 'k': 未參考的區域變數
C:\Users\goodc\OneDrive\Desktop\Git\PyrOptik\AOI_2\AOI\UI.cpp(1320,18): warning C4101: 'ddd': 未參考的區域變數
C:\Users\goodc\OneDrive\Desktop\Git\PyrOptik\AOI_2\AOI\UI.cpp(1320,13): warning C4101: 'uuu': 未參考的區域變數
C:\Users\goodc\OneDrive\Desktop\Git\PyrOptik\AOI_2\AOI\UI.cpp(1404,13): warning C4101: 'k': 未參考的區域變數
C:\Users\goodc\OneDrive\Desktop\Git\PyrOptik\AOI_2\AOI\UI.cpp(1807,28): warning C4244: '=': 將 'clock_t' 轉換為 'float'，由於類型不同，可能導致資料遺失
C:\Users\goodc\OneDrive\Desktop\Git\PyrOptik\AOI_2\AOI\UI.cpp(1819,26): warning C4244: '=': 將 'clock_t' 轉換為 'float'，由於類型不同，可能導致資料遺失
C:\Users\goodc\OneDrive\Desktop\Git\PyrOptik\AOI_2\AOI\UI.cpp(1936,80): warning C4244: '=': 將 'clock_t' 轉換為 'float'，由於類型不同，可能導致資料遺失
C:\Users\goodc\OneDrive\Desktop\Git\PyrOptik\AOI_2\AOI\UI.cpp(1953,27): warning C4305: '正在初始化': 從 'double' 轉換為 'float'，是由較大的類型轉換為較小的類型，可能導致資料遺失
C:\Users\goodc\OneDrive\Desktop\Git\PyrOptik\AOI_2\AOI\UI.cpp(1967,23): warning C4244: '=': 將 'clock_t' 轉換為 'float'，由於類型不同，可能導致資料遺失
  .NETFramework,Version=v4.6.1.AssemblyAttributes.cpp
  正在產生程式碼...
C:\opencv\build\include\opencv2\core\cvstd.hpp(575): warning C4793: 'cv::String::String': 函式會編譯成機器碼:
  	找到受控碼中不支援的內建
C:\opencv\build\include\opencv2\core\cuda.inl.hpp(105): warning C4793: 'cv::cuda::GpuMat::GpuMat': 函式會編譯成機器碼:
  	找到受控碼中不支援的內建
C:\opencv\build\include\opencv2\core\cuda.inl.hpp(395): warning C4793: 'cv::cuda::HostMem::HostMem': 函式會編譯成機器碼:
  	找到受控碼中不支援的內建
C:\opencv\build\include\opencv2\core\mat.inl.hpp(482): warning C4793: 'cv::Mat::Mat': 函式會編譯成機器碼:
  	找到受控碼中不支援的內建
C:\Users\goodc\OneDrive\Desktop\Git\PyrOptik\AOI_2\AOI\UI.cpp(1784): warning C4715: 'AOI::MainForm::Image_Processing_Of_Algorithm': 不是所有控制路徑都傳回值
C:\opencv\build\include\opencv2\core\mat.inl.hpp(815): warning C4793: 'cv::Mat::release': 函式會編譯成機器碼:
  	找到受控碼中不支援的內建
C:\opencv\build\include\opencv2\core\mat.inl.hpp(2135): warning C4793: 'cv::SparseMat::addref': 函式會編譯成機器碼:
  	找到受控碼中不支援的內建
C:\opencv\build\include\opencv2\core\mat.inl.hpp(3735): warning C4793: 'cv::UMat::addref': 函式會編譯成機器碼:
  	找到受控碼中不支援的內建
C:\opencv\build\include\opencv2\core\ptr.inl.hpp(67): warning C4793: 'cv::detail::PtrOwner::incRef': 函式會編譯成機器碼:
  	找到受控碼中不支援的內建
C:\opencv\build\include\opencv2\core\ptr.inl.hpp(72): warning C4793: 'cv::detail::PtrOwner::decRef': 函式會編譯成機器碼:
  	找到受控碼中不支援的內建
C:\opencv\build\include\opencv2\core\cvstd.hpp(657): warning C4793: 'cv::String::operator=': 函式會編譯成機器碼:
  	找到受控碼中不支援的內建
C:\opencv\build\include\opencv2\core\cvstd.hpp(575): warning C4793: 'cv::String::String': 函式會編譯成機器碼:
  	找到受控碼中不支援的內建
C:\opencv\build\include\opencv2\core\cuda.inl.hpp(105): warning C4793: 'cv::cuda::GpuMat::GpuMat': 函式會編譯成機器碼:
  	找到受控碼中不支援的內建
C:\opencv\build\include\opencv2\core\cuda.inl.hpp(395): warning C4793: 'cv::cuda::HostMem::HostMem': 函式會編譯成機器碼:
  	找到受控碼中不支援的內建
C:\opencv\build\include\opencv2\core\mat.inl.hpp(482): warning C4793: 'cv::Mat::Mat': 函式會編譯成機器碼:
  	找到受控碼中不支援的內建
C:\opencv\build\include\opencv2\core\mat.inl.hpp(815): warning C4793: 'cv::Mat::release': 函式會編譯成機器碼:
  	找到受控碼中不支援的內建
C:\opencv\build\include\opencv2\core\mat.inl.hpp(2135): warning C4793: 'cv::SparseMat::addref': 函式會編譯成機器碼:
  	找到受控碼中不支援的內建
C:\opencv\build\include\opencv2\core\mat.inl.hpp(3735): warning C4793: 'cv::UMat::addref': 函式會編譯成機器碼:
  	找到受控碼中不支援的內建
C:\opencv\build\include\opencv2\core\ptr.inl.hpp(67): warning C4793: 'cv::detail::PtrOwner::incRef': 函式會編譯成機器碼:
  	找到受控碼中不支援的內建
C:\opencv\build\include\opencv2\core\ptr.inl.hpp(72): warning C4793: 'cv::detail::PtrOwner::decRef': 函式會編譯成機器碼:
  	找到受控碼中不支援的內建
C:\opencv\build\include\opencv2\core\cvstd.hpp(657): warning C4793: 'cv::String::operator=': 函式會編譯成機器碼:
  	找到受控碼中不支援的內建
  Main.obj : 發現 MSIL 模組。MSIL 的累加連結已停用。正在執行完整連結
  AOI.vcxproj -> C:\Users\goodc\OneDrive\Desktop\Git\PyrOptik\AOI_2\x64\Debug\AOI.exe
