  LoginForm.cpp
  MyForm.cpp
  Notice: Using GenICam with untested compiler, version 1929 detected!
  Following versions were tested: 1400, 1500, 1600, 1700, 1800, 1900.
C:\Users\goodc\OneDrive\Desktop\Git\Digital_Image_Processing_and_Analysis_Tool\ImageProcessing\MyForm.cpp(94,241): warning C4267: '引數': 將 'size_t' 轉換為 'int'，資料可能遺失
C:\Users\goodc\OneDrive\Desktop\Git\Digital_Image_Processing_and_Analysis_Tool\ImageProcessing\MyForm.cpp(112,241): warning C4267: '引數': 將 'size_t' 轉換為 'int'，資料可能遺失
C:\Users\goodc\OneDrive\Desktop\Git\Digital_Image_Processing_and_Analysis_Tool\ImageProcessing\MyForm.cpp(120,29): warning C4101: 'ee': 未參考的區域變數
C:\Users\goodc\OneDrive\Desktop\Git\Digital_Image_Processing_and_Analysis_Tool\ImageProcessing\MyForm.cpp(172,241): warning C4267: '引數': 將 'size_t' 轉換為 'int'，資料可能遺失
C:\Users\goodc\OneDrive\Desktop\Git\Digital_Image_Processing_and_Analysis_Tool\ImageProcessing\MyForm.cpp(189,241): warning C4267: '引數': 將 'size_t' 轉換為 'int'，資料可能遺失
C:\Users\goodc\OneDrive\Desktop\Git\Digital_Image_Processing_and_Analysis_Tool\ImageProcessing\MyForm.cpp(207,241): warning C4267: '引數': 將 'size_t' 轉換為 'int'，資料可能遺失
C:\Users\goodc\OneDrive\Desktop\Git\Digital_Image_Processing_and_Analysis_Tool\ImageProcessing\MyForm.cpp(253,241): warning C4267: '引數': 將 'size_t' 轉換為 'int'，資料可能遺失
C:\Users\goodc\OneDrive\Desktop\Git\Digital_Image_Processing_and_Analysis_Tool\ImageProcessing\MyForm.cpp(242,4): warning C4996: 'itoa': The POSIX name for this item is deprecated. Instead, use the ISO C and C++ conformant name: _itoa. See online help for details.
C:\Users\goodc\OneDrive\Desktop\Git\Digital_Image_Processing_and_Analysis_Tool\ImageProcessing\MyForm.cpp(244,4): warning C4996: 'itoa': The POSIX name for this item is deprecated. Instead, use the ISO C and C++ conformant name: _itoa. See online help for details.
C:\Users\goodc\OneDrive\Desktop\Git\Digital_Image_Processing_and_Analysis_Tool\ImageProcessing\MyForm.cpp(246,4): warning C4996: 'itoa': The POSIX name for this item is deprecated. Instead, use the ISO C and C++ conformant name: _itoa. See online help for details.
C:\Users\goodc\OneDrive\Desktop\Git\Digital_Image_Processing_and_Analysis_Tool\ImageProcessing\MyForm.cpp(285,241): warning C4267: '引數': 將 'size_t' 轉換為 'int'，資料可能遺失
C:\Users\goodc\OneDrive\Desktop\Git\Digital_Image_Processing_and_Analysis_Tool\ImageProcessing\MyForm.cpp(317,241): warning C4267: '引數': 將 'size_t' 轉換為 'int'，資料可能遺失
C:\Users\goodc\OneDrive\Desktop\Git\Digital_Image_Processing_and_Analysis_Tool\ImageProcessing\MyForm.cpp(356,3): warning C4996: 'itoa': The POSIX name for this item is deprecated. Instead, use the ISO C and C++ conformant name: _itoa. See online help for details.
C:\Users\goodc\OneDrive\Desktop\Git\Digital_Image_Processing_and_Analysis_Tool\ImageProcessing\MyForm.cpp(363,3): warning C4996: 'itoa': The POSIX name for this item is deprecated. Instead, use the ISO C and C++ conformant name: _itoa. See online help for details.
C:\Users\goodc\OneDrive\Desktop\Git\Digital_Image_Processing_and_Analysis_Tool\ImageProcessing\MyForm.cpp(370,3): warning C4996: 'itoa': The POSIX name for this item is deprecated. Instead, use the ISO C and C++ conformant name: _itoa. See online help for details.
C:\Users\goodc\OneDrive\Desktop\Git\Digital_Image_Processing_and_Analysis_Tool\ImageProcessing\MyForm.cpp(393,3): warning C4996: 'itoa': The POSIX name for this item is deprecated. Instead, use the ISO C and C++ conformant name: _itoa. See online help for details.
C:\Users\goodc\OneDrive\Desktop\Git\Digital_Image_Processing_and_Analysis_Tool\ImageProcessing\MyForm.cpp(394,3): warning C4996: 'strcat': This function or variable may be unsafe. Consider using strcat_s instead. To disable deprecation, use _CRT_SECURE_NO_WARNINGS. See online help for details.
C:\Users\goodc\OneDrive\Desktop\Git\Digital_Image_Processing_and_Analysis_Tool\ImageProcessing\MyForm.cpp(395,3): warning C4996: 'strcat': This function or variable may be unsafe. Consider using strcat_s instead. To disable deprecation, use _CRT_SECURE_NO_WARNINGS. See online help for details.
C:\Users\goodc\OneDrive\Desktop\Git\Digital_Image_Processing_and_Analysis_Tool\ImageProcessing\MyForm.cpp(386,19): warning C4101: 'Str': 未參考的區域變數
C:\Users\goodc\OneDrive\Desktop\Git\Digital_Image_Processing_and_Analysis_Tool\ImageProcessing\MyForm.cpp(414,249): warning C4267: '引數': 將 'size_t' 轉換為 'int'，資料可能遺失
C:\Users\goodc\OneDrive\Desktop\Git\Digital_Image_Processing_and_Analysis_Tool\ImageProcessing\MyForm.cpp(498,73): warning C4267: '引數': 將 'size_t' 轉換為 'int'，資料可能遺失
C:\Users\goodc\OneDrive\Desktop\Git\Digital_Image_Processing_and_Analysis_Tool\ImageProcessing\MyForm.cpp(538,231): warning C4267: '引數': 將 'size_t' 轉換為 'int'，資料可能遺失
C:\Users\goodc\OneDrive\Desktop\Git\Digital_Image_Processing_and_Analysis_Tool\ImageProcessing\MyForm.cpp(530,5): warning C4996: 'itoa': The POSIX name for this item is deprecated. Instead, use the ISO C and C++ conformant name: _itoa. See online help for details.
C:\Users\goodc\OneDrive\Desktop\Git\Digital_Image_Processing_and_Analysis_Tool\ImageProcessing\MyForm.cpp(531,5): warning C4996: 'strcpy': This function or variable may be unsafe. Consider using strcpy_s instead. To disable deprecation, use _CRT_SECURE_NO_WARNINGS. See online help for details.
C:\Users\goodc\OneDrive\Desktop\Git\Digital_Image_Processing_and_Analysis_Tool\ImageProcessing\MyForm.cpp(532,5): warning C4996: 'strcat': This function or variable may be unsafe. Consider using strcat_s instead. To disable deprecation, use _CRT_SECURE_NO_WARNINGS. See online help for details.
C:\Users\goodc\OneDrive\Desktop\Git\Digital_Image_Processing_and_Analysis_Tool\ImageProcessing\MyForm.cpp(533,5): warning C4996: 'strcat': This function or variable may be unsafe. Consider using strcat_s instead. To disable deprecation, use _CRT_SECURE_NO_WARNINGS. See online help for details.
C:\Users\goodc\OneDrive\Desktop\Git\Digital_Image_Processing_and_Analysis_Tool\ImageProcessing\MyForm.cpp(556,29): warning C4101: 'e': 未參考的區域變數
C:\Users\goodc\OneDrive\Desktop\Git\Digital_Image_Processing_and_Analysis_Tool\ImageProcessing\MyForm.cpp(632,60): warning C4267: '引數': 將 'size_t' 轉換為 'int'，資料可能遺失
C:\Users\goodc\OneDrive\Desktop\Git\Digital_Image_Processing_and_Analysis_Tool\ImageProcessing\MyForm.cpp(670,29): warning C4101: 'e': 未參考的區域變數
  UI.cpp
  Notice: Using GenICam with untested compiler, version 1929 detected!
  Following versions were tested: 1400, 1500, 1600, 1700, 1800, 1900.
  .NETFramework,Version=v4.6.1.AssemblyAttributes.cpp
  正在產生程式碼...
C:\opencv\build\include\opencv2\core\cvstd.hpp(575): warning C4793: 'cv::String::String': 函式會編譯成機器碼:
  	找到受控碼中不支援的內建
C:\opencv\build\include\opencv2\core\cuda.inl.hpp(105): warning C4793: 'cv::cuda::GpuMat::GpuMat': 函式會編譯成機器碼:
  	找到受控碼中不支援的內建
C:\opencv\build\include\opencv2\core\cuda.inl.hpp(395): warning C4793: 'cv::cuda::HostMem::HostMem': 函式會編譯成機器碼:
  	找到受控碼中不支援的內建
C:\opencv\build\include\opencv2\core\mat.inl.hpp(482): warning C4793: 'cv::Mat::Mat': 函式會編譯成機器碼:
  	找到受控碼中不支援的內建
C:\opencv\build\include\opencv2\core\mat.inl.hpp(815): warning C4793: 'cv::Mat::release': 函式會編譯成機器碼:
  	找到受控碼中不支援的內建
C:\opencv\build\include\opencv2\core\mat.inl.hpp(2135): warning C4793: 'cv::SparseMat::addref': 函式會編譯成機器碼:
  	找到受控碼中不支援的內建
C:\opencv\build\include\opencv2\core\mat.inl.hpp(3735): warning C4793: 'cv::UMat::addref': 函式會編譯成機器碼:
  	找到受控碼中不支援的內建
C:\opencv\build\include\opencv2\core\ptr.inl.hpp(67): warning C4793: 'cv::detail::PtrOwner::incRef': 函式會編譯成機器碼:
  	找到受控碼中不支援的內建
C:\opencv\build\include\opencv2\core\ptr.inl.hpp(72): warning C4793: 'cv::detail::PtrOwner::decRef': 函式會編譯成機器碼:
  	找到受控碼中不支援的內建
C:\opencv\build\include\opencv2\core\cvstd.hpp(657): warning C4793: 'cv::String::operator=': 函式會編譯成機器碼:
  	找到受控碼中不支援的內建
C:\Program Files\OMRON_SENTECH\SentechSDK\Development\Include\GenICam\Base\GCException.h(185): warning C4793: 'GenICam_3_0_Sentech::ExceptionReporter<GenICam_3_0_Sentech::AccessException>::Report': 函式會編譯成機器碼:
  	在 /clr 下不支援 varargs
C:\Program Files\OMRON_SENTECH\SentechSDK\Development\Include\GenICam\Base\GCException.h(188): warning C4793: 'GenICam_3_0_Sentech::ExceptionReporter<GenICam_3_0_Sentech::AccessException>::Report': 函式會編譯成機器碼:
  	找到受控碼中不支援的內建
C:\opencv\build\include\opencv2\core\cvstd.hpp(575): warning C4793: 'cv::String::String': 函式會編譯成機器碼:
  	找到受控碼中不支援的內建
C:\opencv\build\include\opencv2\core\cuda.inl.hpp(105): warning C4793: 'cv::cuda::GpuMat::GpuMat': 函式會編譯成機器碼:
  	找到受控碼中不支援的內建
C:\opencv\build\include\opencv2\core\cuda.inl.hpp(395): warning C4793: 'cv::cuda::HostMem::HostMem': 函式會編譯成機器碼:
  	找到受控碼中不支援的內建
C:\opencv\build\include\opencv2\core\mat.inl.hpp(482): warning C4793: 'cv::Mat::Mat': 函式會編譯成機器碼:
  	找到受控碼中不支援的內建
C:\opencv\build\include\opencv2\core\mat.inl.hpp(815): warning C4793: 'cv::Mat::release': 函式會編譯成機器碼:
  	找到受控碼中不支援的內建
C:\opencv\build\include\opencv2\core\mat.inl.hpp(2135): warning C4793: 'cv::SparseMat::addref': 函式會編譯成機器碼:
  	找到受控碼中不支援的內建
C:\opencv\build\include\opencv2\core\mat.inl.hpp(3735): warning C4793: 'cv::UMat::addref': 函式會編譯成機器碼:
  	找到受控碼中不支援的內建
C:\opencv\build\include\opencv2\core\ptr.inl.hpp(67): warning C4793: 'cv::detail::PtrOwner::incRef': 函式會編譯成機器碼:
  	找到受控碼中不支援的內建
C:\opencv\build\include\opencv2\core\ptr.inl.hpp(72): warning C4793: 'cv::detail::PtrOwner::decRef': 函式會編譯成機器碼:
  	找到受控碼中不支援的內建
C:\Program Files\OMRON_SENTECH\SentechSDK\Development\Include\GenICam\Base\GCException.h(185): warning C4793: 'GenICam_3_0_Sentech::ExceptionReporter<GenICam_3_0_Sentech::LogicalErrorException>::Report': 函式會編譯成機器碼:
  	在 /clr 下不支援 varargs
C:\Program Files\OMRON_SENTECH\SentechSDK\Development\Include\GenICam\Base\GCException.h(188): warning C4793: 'GenICam_3_0_Sentech::ExceptionReporter<GenICam_3_0_Sentech::LogicalErrorException>::Report': 函式會編譯成機器碼:
  	找到受控碼中不支援的內建
C:\opencv\build\include\opencv2\core\cvstd.hpp(657): warning C4793: 'cv::String::operator=': 函式會編譯成機器碼:
  	找到受控碼中不支援的內建
C:\opencv\build\include\opencv2\core\fast_math.hpp(193): warning C4793: '`anonymous namespace'::cvRound': 函式會編譯成機器碼:
  	找到受控碼中不支援的內建
C:\opencv\build\include\opencv2\core\fast_math.hpp(194): warning C4793: '`anonymous namespace'::cvRound': 函式會編譯成機器碼:
  	找到受控碼中不支援的內建
C:\Program Files\OMRON_SENTECH\SentechSDK\Development\Include\GenICam\Base\GCException.h(185): warning C4793: 'GenICam_3_0_Sentech::ExceptionReporter<GenICam_3_0_Sentech::AccessException>::Report': 函式會編譯成機器碼:
  	在 /clr 下不支援 varargs
C:\Program Files\OMRON_SENTECH\SentechSDK\Development\Include\GenICam\Base\GCException.h(188): warning C4793: 'GenICam_3_0_Sentech::ExceptionReporter<GenICam_3_0_Sentech::AccessException>::Report': 函式會編譯成機器碼:
  	找到受控碼中不支援的內建
  LoginForm.obj : 發現 MSIL 模組。MSIL 的累加連結已停用。正在執行完整連結
  ImageProcessing.vcxproj -> C:\Users\goodc\OneDrive\Desktop\Git\Digital_Image_Processing_and_Analysis_Tool\x64\Debug\ImageProcessing.exe
